{"/home/node/app/src/@seedwork/domain/entity/entity.ts": {"path":"/home/node/app/src/@seedwork/domain/entity/entity.ts","all":false,"statementMap":{"0":{"start":{"line":1,"column":0},"end":{"line":1,"column":66}},"1":{"start":{"line":2,"column":0},"end":{"line":2,"column":0}},"2":{"start":{"line":3,"column":0},"end":{"line":3,"column":45}},"3":{"start":{"line":4,"column":0},"end":{"line":4,"column":51}},"4":{"start":{"line":5,"column":0},"end":{"line":5,"column":0}},"5":{"start":{"line":6,"column":0},"end":{"line":6,"column":68}},"6":{"start":{"line":7,"column":0},"end":{"line":7,"column":57}},"7":{"start":{"line":8,"column":0},"end":{"line":8,"column":5}},"8":{"start":{"line":9,"column":0},"end":{"line":9,"column":0}},"9":{"start":{"line":10,"column":0},"end":{"line":10,"column":22}},"10":{"start":{"line":11,"column":0},"end":{"line":11,"column":40}},"11":{"start":{"line":12,"column":0},"end":{"line":12,"column":5}},"12":{"start":{"line":13,"column":0},"end":{"line":13,"column":0}},"13":{"start":{"line":14,"column":0},"end":{"line":14,"column":48}},"14":{"start":{"line":15,"column":0},"end":{"line":15,"column":16}},"15":{"start":{"line":16,"column":0},"end":{"line":16,"column":24}},"16":{"start":{"line":17,"column":0},"end":{"line":17,"column":25}},"17":{"start":{"line":18,"column":0},"end":{"line":18,"column":45}},"18":{"start":{"line":19,"column":0},"end":{"line":19,"column":5}},"19":{"start":{"line":20,"column":0},"end":{"line":20,"column":0}},"20":{"start":{"line":21,"column":0},"end":{"line":21,"column":1}}},"s":{"0":1,"1":1,"2":1,"3":1,"4":1,"5":1,"6":4,"7":4,"8":1,"9":1,"10":4,"11":4,"12":1,"13":1,"14":1,"15":1,"16":1,"17":1,"18":1,"19":1,"20":1},"branchMap":{"0":{"type":"branch","line":3,"loc":{"start":{"line":3,"column":30},"end":{"line":3,"column":36}},"locations":[{"start":{"line":3,"column":30},"end":{"line":3,"column":36}}]},"1":{"type":"branch","line":10,"loc":{"start":{"line":10,"column":8},"end":{"line":12,"column":5}},"locations":[{"start":{"line":10,"column":8},"end":{"line":12,"column":5}}]},"2":{"type":"branch","line":14,"loc":{"start":{"line":14,"column":4},"end":{"line":19,"column":5}},"locations":[{"start":{"line":14,"column":4},"end":{"line":19,"column":5}}]},"3":{"type":"branch","line":6,"loc":{"start":{"line":6,"column":4},"end":{"line":8,"column":5}},"locations":[{"start":{"line":6,"column":4},"end":{"line":8,"column":5}}]}},"b":{"0":[1],"1":[4],"2":[1],"3":[4]},"fnMap":{"0":{"name":"get","decl":{"start":{"line":3,"column":30},"end":{"line":3,"column":36}},"loc":{"start":{"line":3,"column":30},"end":{"line":3,"column":36}},"line":3},"1":{"name":"get id","decl":{"start":{"line":10,"column":8},"end":{"line":12,"column":5}},"loc":{"start":{"line":10,"column":8},"end":{"line":12,"column":5}},"line":10},"2":{"name":"toJSON","decl":{"start":{"line":14,"column":4},"end":{"line":19,"column":5}},"loc":{"start":{"line":14,"column":4},"end":{"line":19,"column":5}},"line":14},"3":{"name":"Entity","decl":{"start":{"line":6,"column":4},"end":{"line":8,"column":5}},"loc":{"start":{"line":6,"column":4},"end":{"line":8,"column":5}},"line":6}},"f":{"0":1,"1":4,"2":1,"3":4}}
,"/home/node/app/src/@seedwork/domain/utils/objects.ts": {"path":"/home/node/app/src/@seedwork/domain/utils/objects.ts","all":false,"statementMap":{"0":{"start":{"line":1,"column":0},"end":{"line":1,"column":39}},"1":{"start":{"line":2,"column":0},"end":{"line":2,"column":54}},"2":{"start":{"line":3,"column":0},"end":{"line":3,"column":0}},"3":{"start":{"line":4,"column":0},"end":{"line":4,"column":35}},"4":{"start":{"line":5,"column":0},"end":{"line":5,"column":43}},"5":{"start":{"line":6,"column":0},"end":{"line":6,"column":0}},"6":{"start":{"line":7,"column":0},"end":{"line":7,"column":49}},"7":{"start":{"line":8,"column":0},"end":{"line":8,"column":30}},"8":{"start":{"line":9,"column":0},"end":{"line":9,"column":9}},"9":{"start":{"line":10,"column":0},"end":{"line":10,"column":5}},"10":{"start":{"line":11,"column":0},"end":{"line":11,"column":0}},"11":{"start":{"line":12,"column":0},"end":{"line":12,"column":30}},"12":{"start":{"line":13,"column":0},"end":{"line":13,"column":1}}},"s":{"0":1,"1":4,"2":4,"3":4,"4":148,"5":148,"6":148,"7":0,"8":0,"9":148,"10":4,"11":4,"12":4},"branchMap":{"0":{"type":"branch","line":1,"loc":{"start":{"line":1,"column":16},"end":{"line":1,"column":26}},"locations":[{"start":{"line":1,"column":16},"end":{"line":1,"column":26}}]},"1":{"type":"branch","line":1,"loc":{"start":{"line":1,"column":7},"end":{"line":13,"column":1}},"locations":[{"start":{"line":1,"column":7},"end":{"line":13,"column":1}}]},"2":{"type":"branch","line":4,"loc":{"start":{"line":4,"column":34},"end":{"line":10,"column":5}},"locations":[{"start":{"line":4,"column":34},"end":{"line":10,"column":5}}]},"3":{"type":"branch","line":7,"loc":{"start":{"line":7,"column":48},"end":{"line":9,"column":9}},"locations":[{"start":{"line":7,"column":48},"end":{"line":9,"column":9}}]}},"b":{"0":[4],"1":[4],"2":[148],"3":[0]},"fnMap":{"0":{"name":"get","decl":{"start":{"line":1,"column":16},"end":{"line":1,"column":26}},"loc":{"start":{"line":1,"column":16},"end":{"line":1,"column":26}},"line":1},"1":{"name":"deepFreeze","decl":{"start":{"line":1,"column":7},"end":{"line":13,"column":1}},"loc":{"start":{"line":1,"column":7},"end":{"line":13,"column":1}},"line":1}},"f":{"0":4,"1":4}}
,"/home/node/app/src/@seedwork/domain/value-objects/unique-entity-id.vo.ts": {"path":"/home/node/app/src/@seedwork/domain/value-objects/unique-entity-id.vo.ts","all":false,"statementMap":{"0":{"start":{"line":1,"column":0},"end":{"line":1,"column":60}},"1":{"start":{"line":2,"column":0},"end":{"line":2,"column":64}},"2":{"start":{"line":3,"column":0},"end":{"line":3,"column":42}},"3":{"start":{"line":4,"column":0},"end":{"line":4,"column":0}},"4":{"start":{"line":5,"column":0},"end":{"line":5,"column":65}},"5":{"start":{"line":6,"column":0},"end":{"line":6,"column":39}},"6":{"start":{"line":7,"column":0},"end":{"line":7,"column":28}},"7":{"start":{"line":8,"column":0},"end":{"line":8,"column":24}},"8":{"start":{"line":9,"column":0},"end":{"line":9,"column":5}},"9":{"start":{"line":10,"column":0},"end":{"line":10,"column":0}},"10":{"start":{"line":11,"column":0},"end":{"line":11,"column":24}},"11":{"start":{"line":12,"column":0},"end":{"line":12,"column":49}},"12":{"start":{"line":13,"column":0},"end":{"line":13,"column":23}},"13":{"start":{"line":14,"column":0},"end":{"line":14,"column":41}},"14":{"start":{"line":15,"column":0},"end":{"line":15,"column":9}},"15":{"start":{"line":16,"column":0},"end":{"line":16,"column":5}},"16":{"start":{"line":17,"column":0},"end":{"line":17,"column":1}}},"s":{"0":1,"1":1,"2":1,"3":1,"4":1,"5":1,"6":4,"7":4,"8":4,"9":1,"10":1,"11":4,"12":4,"13":0,"14":0,"15":4,"16":1},"branchMap":{"0":{"type":"branch","line":5,"loc":{"start":{"line":5,"column":21},"end":{"line":5,"column":35}},"locations":[{"start":{"line":5,"column":21},"end":{"line":5,"column":35}}]},"1":{"type":"branch","line":11,"loc":{"start":{"line":11,"column":12},"end":{"line":16,"column":5}},"locations":[{"start":{"line":11,"column":12},"end":{"line":16,"column":5}}]},"2":{"type":"branch","line":13,"loc":{"start":{"line":13,"column":22},"end":{"line":15,"column":9}},"locations":[{"start":{"line":13,"column":22},"end":{"line":15,"column":9}}]},"3":{"type":"branch","line":6,"loc":{"start":{"line":6,"column":4},"end":{"line":9,"column":5}},"locations":[{"start":{"line":6,"column":4},"end":{"line":9,"column":5}}]}},"b":{"0":[4],"1":[4],"2":[0],"3":[4]},"fnMap":{"0":{"name":"get","decl":{"start":{"line":5,"column":21},"end":{"line":5,"column":35}},"loc":{"start":{"line":5,"column":21},"end":{"line":5,"column":35}},"line":5},"1":{"name":"validate","decl":{"start":{"line":11,"column":12},"end":{"line":16,"column":5}},"loc":{"start":{"line":11,"column":12},"end":{"line":16,"column":5}},"line":11},"2":{"name":"UniqueEntityId","decl":{"start":{"line":6,"column":4},"end":{"line":9,"column":5}},"loc":{"start":{"line":6,"column":4},"end":{"line":9,"column":5}},"line":6}},"f":{"0":4,"1":4,"2":4}}
,"/home/node/app/src/@seedwork/domain/value-objects/value-objects.ts": {"path":"/home/node/app/src/@seedwork/domain/value-objects/value-objects.ts","all":false,"statementMap":{"0":{"start":{"line":1,"column":0},"end":{"line":1,"column":46}},"1":{"start":{"line":2,"column":0},"end":{"line":2,"column":0}},"2":{"start":{"line":3,"column":0},"end":{"line":3,"column":56}},"3":{"start":{"line":4,"column":0},"end":{"line":4,"column":27}},"4":{"start":{"line":5,"column":0},"end":{"line":5,"column":0}},"5":{"start":{"line":6,"column":0},"end":{"line":6,"column":31}},"6":{"start":{"line":7,"column":0},"end":{"line":7,"column":39}},"7":{"start":{"line":8,"column":0},"end":{"line":8,"column":5}},"8":{"start":{"line":9,"column":0},"end":{"line":9,"column":0}},"9":{"start":{"line":10,"column":0},"end":{"line":10,"column":24}},"10":{"start":{"line":11,"column":0},"end":{"line":11,"column":26}},"11":{"start":{"line":12,"column":0},"end":{"line":12,"column":5}},"12":{"start":{"line":13,"column":0},"end":{"line":13,"column":0}},"13":{"start":{"line":14,"column":0},"end":{"line":14,"column":22}},"14":{"start":{"line":15,"column":0},"end":{"line":15,"column":68}},"15":{"start":{"line":16,"column":0},"end":{"line":16,"column":17}},"16":{"start":{"line":17,"column":0},"end":{"line":17,"column":45}},"17":{"start":{"line":18,"column":0},"end":{"line":18,"column":25}},"18":{"start":{"line":19,"column":0},"end":{"line":19,"column":39}},"19":{"start":{"line":20,"column":0},"end":{"line":20,"column":13}},"20":{"start":{"line":21,"column":0},"end":{"line":21,"column":9}},"21":{"start":{"line":22,"column":0},"end":{"line":22,"column":47}},"22":{"start":{"line":23,"column":0},"end":{"line":23,"column":45}},"23":{"start":{"line":24,"column":0},"end":{"line":24,"column":40}},"24":{"start":{"line":25,"column":0},"end":{"line":25,"column":23}},"25":{"start":{"line":26,"column":0},"end":{"line":26,"column":6}},"26":{"start":{"line":27,"column":0},"end":{"line":27,"column":1}}},"s":{"0":1,"1":1,"2":1,"3":1,"4":1,"5":1,"6":4,"7":4,"8":1,"9":1,"10":4,"11":4,"12":1,"13":1,"14":9,"15":7,"16":7,"17":7,"18":0,"19":0,"20":7,"21":2,"22":2,"23":1,"24":9,"25":1,"26":1},"branchMap":{"0":{"type":"branch","line":3,"loc":{"start":{"line":3,"column":30},"end":{"line":3,"column":41}},"locations":[{"start":{"line":3,"column":30},"end":{"line":3,"column":41}}]},"1":{"type":"branch","line":10,"loc":{"start":{"line":10,"column":8},"end":{"line":12,"column":5}},"locations":[{"start":{"line":10,"column":8},"end":{"line":12,"column":5}}]},"2":{"type":"branch","line":6,"loc":{"start":{"line":6,"column":4},"end":{"line":8,"column":5}},"locations":[{"start":{"line":6,"column":4},"end":{"line":8,"column":5}}]},"3":{"type":"branch","line":14,"loc":{"start":{"line":14,"column":15},"end":{"line":26,"column":5}},"locations":[{"start":{"line":14,"column":15},"end":{"line":26,"column":5}}]},"4":{"type":"branch","line":15,"loc":{"start":{"line":15,"column":42},"end":{"line":15,"column":65}},"locations":[{"start":{"line":15,"column":42},"end":{"line":15,"column":65}}]},"5":{"type":"branch","line":15,"loc":{"start":{"line":15,"column":67},"end":{"line":21,"column":9}},"locations":[{"start":{"line":15,"column":67},"end":{"line":21,"column":9}}]},"6":{"type":"branch","line":18,"loc":{"start":{"line":18,"column":14},"end":{"line":20,"column":13}},"locations":[{"start":{"line":18,"column":14},"end":{"line":20,"column":13}}]},"7":{"type":"branch","line":22,"loc":{"start":{"line":22,"column":-1},"end":{"line":23,"column":45}},"locations":[{"start":{"line":22,"column":-1},"end":{"line":23,"column":45}}]},"8":{"type":"branch","line":24,"loc":{"start":{"line":24,"column":-1},"end":{"line":24,"column":40}},"locations":[{"start":{"line":24,"column":-1},"end":{"line":24,"column":40}}]},"9":{"type":"branch","line":25,"loc":{"start":{"line":25,"column":-1},"end":{"line":25,"column":22}},"locations":[{"start":{"line":25,"column":-1},"end":{"line":25,"column":22}}]}},"b":{"0":[1],"1":[4],"2":[4],"3":[9],"4":[2],"5":[7],"6":[0],"7":[2],"8":[1],"9":[1]},"fnMap":{"0":{"name":"get","decl":{"start":{"line":3,"column":30},"end":{"line":3,"column":41}},"loc":{"start":{"line":3,"column":30},"end":{"line":3,"column":41}},"line":3},"1":{"name":"get value","decl":{"start":{"line":10,"column":8},"end":{"line":12,"column":5}},"loc":{"start":{"line":10,"column":8},"end":{"line":12,"column":5}},"line":10},"2":{"name":"ValueObject","decl":{"start":{"line":6,"column":4},"end":{"line":8,"column":5}},"loc":{"start":{"line":6,"column":4},"end":{"line":8,"column":5}},"line":6},"3":{"name":"ValueObject.toString","decl":{"start":{"line":14,"column":15},"end":{"line":26,"column":5}},"loc":{"start":{"line":14,"column":15},"end":{"line":26,"column":5}},"line":14}},"f":{"0":1,"1":4,"2":4,"3":9}}
,"/home/node/app/src/@seedwork/errors/invalide-uuid.error.ts": {"path":"/home/node/app/src/@seedwork/errors/invalide-uuid.error.ts","all":false,"statementMap":{"0":{"start":{"line":1,"column":0},"end":{"line":1,"column":53}},"1":{"start":{"line":2,"column":0},"end":{"line":2,"column":35}},"2":{"start":{"line":3,"column":0},"end":{"line":3,"column":51}},"3":{"start":{"line":4,"column":0},"end":{"line":4,"column":38}},"4":{"start":{"line":5,"column":0},"end":{"line":5,"column":5}},"5":{"start":{"line":6,"column":0},"end":{"line":6,"column":1}}},"s":{"0":1,"1":1,"2":2,"3":2,"4":2,"5":1},"branchMap":{"0":{"type":"branch","line":1,"loc":{"start":{"line":1,"column":21},"end":{"line":1,"column":37}},"locations":[{"start":{"line":1,"column":21},"end":{"line":1,"column":37}}]},"1":{"type":"branch","line":2,"loc":{"start":{"line":2,"column":4},"end":{"line":5,"column":5}},"locations":[{"start":{"line":2,"column":4},"end":{"line":5,"column":5}}]}},"b":{"0":[2],"1":[2]},"fnMap":{"0":{"name":"get","decl":{"start":{"line":1,"column":21},"end":{"line":1,"column":37}},"loc":{"start":{"line":1,"column":21},"end":{"line":1,"column":37}},"line":1},"1":{"name":"InvalidUuidError","decl":{"start":{"line":2,"column":4},"end":{"line":5,"column":5}},"loc":{"start":{"line":2,"column":4},"end":{"line":5,"column":5}},"line":2}},"f":{"0":2,"1":2}}
,"/home/node/app/src/@seedwork/errors/validaton-error.ts": {"path":"/home/node/app/src/@seedwork/errors/validaton-error.ts","all":false,"statementMap":{"0":{"start":{"line":1,"column":0},"end":{"line":1,"column":54}}},"s":{"0":1},"branchMap":{"0":{"type":"branch","line":1,"loc":{"start":{"line":1,"column":21},"end":{"line":1,"column":36}},"locations":[{"start":{"line":1,"column":21},"end":{"line":1,"column":36}}]}},"b":{"0":[10]},"fnMap":{"0":{"name":"get","decl":{"start":{"line":1,"column":21},"end":{"line":1,"column":36}},"loc":{"start":{"line":1,"column":21},"end":{"line":1,"column":36}},"line":1}},"f":{"0":10}}
,"/home/node/app/src/@seedwork/validators/validator-rules.ts": {"path":"/home/node/app/src/@seedwork/validators/validator-rules.ts","all":false,"statementMap":{"0":{"start":{"line":1,"column":0},"end":{"line":1,"column":55}},"1":{"start":{"line":2,"column":0},"end":{"line":2,"column":0}},"2":{"start":{"line":3,"column":0},"end":{"line":3,"column":29}},"3":{"start":{"line":4,"column":0},"end":{"line":4,"column":73}},"4":{"start":{"line":5,"column":0},"end":{"line":5,"column":0}},"5":{"start":{"line":6,"column":0},"end":{"line":6,"column":49}},"6":{"start":{"line":7,"column":0},"end":{"line":7,"column":51}},"7":{"start":{"line":8,"column":0},"end":{"line":8,"column":5}},"8":{"start":{"line":9,"column":0},"end":{"line":9,"column":0}},"9":{"start":{"line":10,"column":0},"end":{"line":10,"column":40}},"10":{"start":{"line":11,"column":0},"end":{"line":11,"column":83}},"11":{"start":{"line":12,"column":0},"end":{"line":12,"column":74}},"12":{"start":{"line":13,"column":0},"end":{"line":13,"column":9}},"13":{"start":{"line":14,"column":0},"end":{"line":14,"column":20}},"14":{"start":{"line":15,"column":0},"end":{"line":15,"column":5}},"15":{"start":{"line":16,"column":0},"end":{"line":16,"column":0}},"16":{"start":{"line":17,"column":0},"end":{"line":17,"column":36}},"17":{"start":{"line":18,"column":0},"end":{"line":18,"column":69}},"18":{"start":{"line":19,"column":0},"end":{"line":19,"column":79}},"19":{"start":{"line":20,"column":0},"end":{"line":20,"column":9}},"20":{"start":{"line":21,"column":0},"end":{"line":21,"column":20}},"21":{"start":{"line":22,"column":0},"end":{"line":22,"column":5}},"22":{"start":{"line":23,"column":0},"end":{"line":23,"column":0}},"23":{"start":{"line":24,"column":0},"end":{"line":24,"column":53}},"24":{"start":{"line":25,"column":0},"end":{"line":25,"column":62}},"25":{"start":{"line":26,"column":0},"end":{"line":26,"column":38}},"26":{"start":{"line":27,"column":0},"end":{"line":27,"column":83}},"27":{"start":{"line":28,"column":0},"end":{"line":28,"column":14}},"28":{"start":{"line":29,"column":0},"end":{"line":29,"column":9}},"29":{"start":{"line":30,"column":0},"end":{"line":30,"column":20}},"30":{"start":{"line":31,"column":0},"end":{"line":31,"column":5}},"31":{"start":{"line":32,"column":0},"end":{"line":32,"column":0}},"32":{"start":{"line":33,"column":0},"end":{"line":33,"column":38}},"33":{"start":{"line":34,"column":0},"end":{"line":34,"column":70}},"34":{"start":{"line":35,"column":0},"end":{"line":35,"column":80}},"35":{"start":{"line":36,"column":0},"end":{"line":36,"column":9}},"36":{"start":{"line":37,"column":0},"end":{"line":37,"column":20}},"37":{"start":{"line":38,"column":0},"end":{"line":38,"column":5}},"38":{"start":{"line":39,"column":0},"end":{"line":39,"column":1}},"39":{"start":{"line":40,"column":0},"end":{"line":40,"column":0}},"40":{"start":{"line":41,"column":0},"end":{"line":41,"column":37}},"41":{"start":{"line":42,"column":0},"end":{"line":42,"column":49}},"42":{"start":{"line":43,"column":0},"end":{"line":43,"column":1}},"43":{"start":{"line":44,"column":0},"end":{"line":44,"column":0}},"44":{"start":{"line":45,"column":0},"end":{"line":45,"column":0}},"45":{"start":{"line":46,"column":0},"end":{"line":46,"column":30}}},"s":{"0":1,"1":1,"2":1,"3":1,"4":1,"5":1,"6":18,"7":18,"8":1,"9":1,"10":7,"11":3,"12":3,"13":4,"14":4,"15":1,"16":1,"17":6,"18":3,"19":3,"20":3,"21":3,"22":1,"23":1,"24":4,"25":1,"26":1,"27":1,"28":1,"29":3,"30":3,"31":1,"32":1,"33":5,"34":0,"35":0,"36":5,"37":5,"38":1,"39":1,"40":1,"41":10,"42":10,"43":1,"44":1,"45":1},"branchMap":{"0":{"type":"branch","line":6,"loc":{"start":{"line":6,"column":11},"end":{"line":8,"column":5}},"locations":[{"start":{"line":6,"column":11},"end":{"line":8,"column":5}}]},"1":{"type":"branch","line":10,"loc":{"start":{"line":10,"column":4},"end":{"line":15,"column":5}},"locations":[{"start":{"line":10,"column":4},"end":{"line":15,"column":5}}]},"2":{"type":"branch","line":11,"loc":{"start":{"line":11,"column":31},"end":{"line":11,"column":59}},"locations":[{"start":{"line":11,"column":31},"end":{"line":11,"column":59}}]},"3":{"type":"branch","line":11,"loc":{"start":{"line":11,"column":59},"end":{"line":11,"column":80}},"locations":[{"start":{"line":11,"column":59},"end":{"line":11,"column":80}}]},"4":{"type":"branch","line":11,"loc":{"start":{"line":11,"column":82},"end":{"line":13,"column":9}},"locations":[{"start":{"line":11,"column":82},"end":{"line":13,"column":9}}]},"5":{"type":"branch","line":14,"loc":{"start":{"line":14,"column":-1},"end":{"line":15,"column":5}},"locations":[{"start":{"line":14,"column":-1},"end":{"line":15,"column":5}}]},"6":{"type":"branch","line":17,"loc":{"start":{"line":17,"column":4},"end":{"line":22,"column":5}},"locations":[{"start":{"line":17,"column":4},"end":{"line":22,"column":5}}]},"7":{"type":"branch","line":18,"loc":{"start":{"line":18,"column":32},"end":{"line":18,"column":66}},"locations":[{"start":{"line":18,"column":32},"end":{"line":18,"column":66}}]},"8":{"type":"branch","line":18,"loc":{"start":{"line":18,"column":68},"end":{"line":22,"column":5}},"locations":[{"start":{"line":18,"column":68},"end":{"line":22,"column":5}}]},"9":{"type":"branch","line":24,"loc":{"start":{"line":24,"column":4},"end":{"line":31,"column":5}},"locations":[{"start":{"line":24,"column":4},"end":{"line":31,"column":5}}]},"10":{"type":"branch","line":25,"loc":{"start":{"line":25,"column":32},"end":{"line":25,"column":59}},"locations":[{"start":{"line":25,"column":32},"end":{"line":25,"column":59}}]},"11":{"type":"branch","line":25,"loc":{"start":{"line":25,"column":61},"end":{"line":29,"column":9}},"locations":[{"start":{"line":25,"column":61},"end":{"line":29,"column":9}}]},"12":{"type":"branch","line":30,"loc":{"start":{"line":30,"column":-1},"end":{"line":31,"column":5}},"locations":[{"start":{"line":30,"column":-1},"end":{"line":31,"column":5}}]},"13":{"type":"branch","line":33,"loc":{"start":{"line":33,"column":4},"end":{"line":38,"column":5}},"locations":[{"start":{"line":33,"column":4},"end":{"line":38,"column":5}}]},"14":{"type":"branch","line":34,"loc":{"start":{"line":34,"column":32},"end":{"line":34,"column":67}},"locations":[{"start":{"line":34,"column":32},"end":{"line":34,"column":67}}]},"15":{"type":"branch","line":34,"loc":{"start":{"line":34,"column":69},"end":{"line":36,"column":9}},"locations":[{"start":{"line":34,"column":69},"end":{"line":36,"column":9}}]},"16":{"type":"branch","line":4,"loc":{"start":{"line":4,"column":4},"end":{"line":4,"column":73}},"locations":[{"start":{"line":4,"column":4},"end":{"line":4,"column":73}}]},"17":{"type":"branch","line":41,"loc":{"start":{"line":41,"column":7},"end":{"line":43,"column":1}},"locations":[{"start":{"line":41,"column":7},"end":{"line":43,"column":1}}]},"18":{"type":"branch","line":42,"loc":{"start":{"line":42,"column":30},"end":{"line":42,"column":48}},"locations":[{"start":{"line":42,"column":30},"end":{"line":42,"column":48}}]}},"b":{"0":[18],"1":[7],"2":[6],"3":[5],"4":[3],"5":[4],"6":[6],"7":[4],"8":[3],"9":[4],"10":[2],"11":[1],"12":[3],"13":[5],"14":[1],"15":[0],"16":[18],"17":[10],"18":[8]},"fnMap":{"0":{"name":"ValidatorRules","decl":{"start":{"line":3,"column":27},"end":{"line":3,"column":26}},"loc":{"start":{"line":3,"column":27},"end":{"line":3,"column":26}},"line":3},"1":{"name":"isEmpty","decl":{"start":{"line":41,"column":23},"end":{"line":41,"column":22}},"loc":{"start":{"line":41,"column":23},"end":{"line":41,"column":22}},"line":41},"2":{"name":"values","decl":{"start":{"line":6,"column":11},"end":{"line":8,"column":5}},"loc":{"start":{"line":6,"column":11},"end":{"line":8,"column":5}},"line":6},"3":{"name":"required","decl":{"start":{"line":10,"column":4},"end":{"line":15,"column":5}},"loc":{"start":{"line":10,"column":4},"end":{"line":15,"column":5}},"line":10},"4":{"name":"string","decl":{"start":{"line":17,"column":4},"end":{"line":22,"column":5}},"loc":{"start":{"line":17,"column":4},"end":{"line":22,"column":5}},"line":17},"5":{"name":"maxLength","decl":{"start":{"line":24,"column":4},"end":{"line":31,"column":5}},"loc":{"start":{"line":24,"column":4},"end":{"line":31,"column":5}},"line":24},"6":{"name":"boolean","decl":{"start":{"line":33,"column":4},"end":{"line":38,"column":5}},"loc":{"start":{"line":33,"column":4},"end":{"line":38,"column":5}},"line":33},"7":{"name":"ValidatorRules","decl":{"start":{"line":4,"column":4},"end":{"line":4,"column":73}},"loc":{"start":{"line":4,"column":4},"end":{"line":4,"column":73}},"line":4},"8":{"name":"isEmpty","decl":{"start":{"line":41,"column":7},"end":{"line":43,"column":1}},"loc":{"start":{"line":41,"column":7},"end":{"line":43,"column":1}},"line":41}},"f":{"0":0,"1":0,"2":18,"3":7,"4":6,"5":4,"6":5,"7":18,"8":10}}
,"/home/node/app/src/category/domain/entities/category.ts": {"path":"/home/node/app/src/category/domain/entities/category.ts","all":false,"statementMap":{"0":{"start":{"line":1,"column":0},"end":{"line":1,"column":61}},"1":{"start":{"line":2,"column":0},"end":{"line":2,"column":89}},"2":{"start":{"line":3,"column":0},"end":{"line":3,"column":75}},"3":{"start":{"line":4,"column":0},"end":{"line":4,"column":0}},"4":{"start":{"line":5,"column":0},"end":{"line":5,"column":34}},"5":{"start":{"line":6,"column":0},"end":{"line":6,"column":15}},"6":{"start":{"line":7,"column":0},"end":{"line":7,"column":23}},"7":{"start":{"line":8,"column":0},"end":{"line":8,"column":22}},"8":{"start":{"line":9,"column":0},"end":{"line":9,"column":20}},"9":{"start":{"line":10,"column":0},"end":{"line":10,"column":2}},"10":{"start":{"line":11,"column":0},"end":{"line":11,"column":0}},"11":{"start":{"line":12,"column":0},"end":{"line":12,"column":66}},"12":{"start":{"line":13,"column":0},"end":{"line":13,"column":0}},"13":{"start":{"line":14,"column":0},"end":{"line":14,"column":79}},"14":{"start":{"line":15,"column":0},"end":{"line":15,"column":28}},"15":{"start":{"line":16,"column":0},"end":{"line":16,"column":20}},"16":{"start":{"line":17,"column":0},"end":{"line":17,"column":46}},"17":{"start":{"line":18,"column":0},"end":{"line":18,"column":50}},"18":{"start":{"line":19,"column":0},"end":{"line":19,"column":64}},"19":{"start":{"line":20,"column":0},"end":{"line":20,"column":3}},"20":{"start":{"line":21,"column":0},"end":{"line":21,"column":0}},"21":{"start":{"line":22,"column":0},"end":{"line":22,"column":22}},"22":{"start":{"line":23,"column":0},"end":{"line":23,"column":27}},"23":{"start":{"line":24,"column":0},"end":{"line":24,"column":3}},"24":{"start":{"line":25,"column":0},"end":{"line":25,"column":0}},"25":{"start":{"line":26,"column":0},"end":{"line":26,"column":21}},"26":{"start":{"line":27,"column":0},"end":{"line":27,"column":34}},"27":{"start":{"line":28,"column":0},"end":{"line":28,"column":3}},"28":{"start":{"line":29,"column":0},"end":{"line":29,"column":0}},"29":{"start":{"line":30,"column":0},"end":{"line":30,"column":42}},"30":{"start":{"line":31,"column":0},"end":{"line":31,"column":43}},"31":{"start":{"line":32,"column":0},"end":{"line":32,"column":3}},"32":{"start":{"line":33,"column":0},"end":{"line":33,"column":0}},"33":{"start":{"line":34,"column":0},"end":{"line":34,"column":19}},"34":{"start":{"line":35,"column":0},"end":{"line":35,"column":32}},"35":{"start":{"line":36,"column":0},"end":{"line":36,"column":3}},"36":{"start":{"line":37,"column":0},"end":{"line":37,"column":0}},"37":{"start":{"line":38,"column":0},"end":{"line":38,"column":41}},"38":{"start":{"line":39,"column":0},"end":{"line":39,"column":41}},"39":{"start":{"line":40,"column":0},"end":{"line":40,"column":3}},"40":{"start":{"line":41,"column":0},"end":{"line":41,"column":0}},"41":{"start":{"line":42,"column":0},"end":{"line":42,"column":20}},"42":{"start":{"line":43,"column":0},"end":{"line":43,"column":33}},"43":{"start":{"line":44,"column":0},"end":{"line":44,"column":3}},"44":{"start":{"line":45,"column":0},"end":{"line":45,"column":0}},"45":{"start":{"line":46,"column":0},"end":{"line":46,"column":51}},"46":{"start":{"line":47,"column":0},"end":{"line":47,"column":23}},"47":{"start":{"line":48,"column":0},"end":{"line":48,"column":23}},"48":{"start":{"line":49,"column":0},"end":{"line":49,"column":6}},"49":{"start":{"line":50,"column":0},"end":{"line":50,"column":26}},"50":{"start":{"line":51,"column":0},"end":{"line":51,"column":40}},"51":{"start":{"line":52,"column":0},"end":{"line":52,"column":3}},"52":{"start":{"line":53,"column":0},"end":{"line":53,"column":0}},"53":{"start":{"line":54,"column":0},"end":{"line":54,"column":14}},"54":{"start":{"line":55,"column":0},"end":{"line":55,"column":31}},"55":{"start":{"line":56,"column":0},"end":{"line":56,"column":3}},"56":{"start":{"line":57,"column":0},"end":{"line":57,"column":0}},"57":{"start":{"line":58,"column":0},"end":{"line":58,"column":16}},"58":{"start":{"line":59,"column":0},"end":{"line":59,"column":32}},"59":{"start":{"line":60,"column":0},"end":{"line":60,"column":3}},"60":{"start":{"line":61,"column":0},"end":{"line":61,"column":0}},"61":{"start":{"line":62,"column":0},"end":{"line":62,"column":65}},"62":{"start":{"line":63,"column":0},"end":{"line":63,"column":65}},"63":{"start":{"line":64,"column":0},"end":{"line":64,"column":68}},"64":{"start":{"line":65,"column":0},"end":{"line":65,"column":65}},"65":{"start":{"line":66,"column":0},"end":{"line":66,"column":3}},"66":{"start":{"line":67,"column":0},"end":{"line":67,"column":0}},"67":{"start":{"line":68,"column":0},"end":{"line":68,"column":1}}},"s":{"0":1,"1":1,"2":1,"3":1,"4":1,"5":1,"6":1,"7":1,"8":1,"9":1,"10":1,"11":1,"12":1,"13":1,"14":4,"15":4,"16":4,"17":4,"18":3,"19":3,"20":1,"21":1,"22":2,"23":2,"24":1,"25":1,"26":2,"27":2,"28":1,"29":1,"30":4,"31":3,"32":1,"33":1,"34":5,"35":5,"36":1,"37":1,"38":4,"39":0,"40":1,"41":1,"42":0,"43":0,"44":1,"45":1,"46":1,"47":1,"48":1,"49":1,"50":1,"51":1,"52":1,"53":1,"54":1,"55":1,"56":1,"57":1,"58":2,"59":2,"60":1,"61":1,"62":5,"63":5,"64":5,"65":5,"66":1,"67":1},"branchMap":{"0":{"type":"branch","line":12,"loc":{"start":{"line":12,"column":21},"end":{"line":12,"column":29}},"locations":[{"start":{"line":12,"column":21},"end":{"line":12,"column":29}}]},"1":{"type":"branch","line":22,"loc":{"start":{"line":22,"column":6},"end":{"line":24,"column":3}},"locations":[{"start":{"line":22,"column":6},"end":{"line":24,"column":3}}]},"2":{"type":"branch","line":26,"loc":{"start":{"line":26,"column":6},"end":{"line":28,"column":3}},"locations":[{"start":{"line":26,"column":6},"end":{"line":28,"column":3}}]},"3":{"type":"branch","line":30,"loc":{"start":{"line":30,"column":14},"end":{"line":32,"column":3}},"locations":[{"start":{"line":30,"column":14},"end":{"line":32,"column":3}}]},"4":{"type":"branch","line":31,"loc":{"start":{"line":31,"column":34},"end":{"line":32,"column":3}},"locations":[{"start":{"line":31,"column":34},"end":{"line":32,"column":3}}]},"5":{"type":"branch","line":34,"loc":{"start":{"line":34,"column":6},"end":{"line":36,"column":3}},"locations":[{"start":{"line":34,"column":6},"end":{"line":36,"column":3}}]},"6":{"type":"branch","line":38,"loc":{"start":{"line":38,"column":14},"end":{"line":40,"column":3}},"locations":[{"start":{"line":38,"column":14},"end":{"line":40,"column":3}}]},"7":{"type":"branch","line":39,"loc":{"start":{"line":39,"column":32},"end":{"line":40,"column":3}},"locations":[{"start":{"line":39,"column":32},"end":{"line":40,"column":3}}]},"8":{"type":"branch","line":46,"loc":{"start":{"line":46,"column":2},"end":{"line":52,"column":3}},"locations":[{"start":{"line":46,"column":2},"end":{"line":52,"column":3}}]},"9":{"type":"branch","line":54,"loc":{"start":{"line":54,"column":2},"end":{"line":56,"column":3}},"locations":[{"start":{"line":54,"column":2},"end":{"line":56,"column":3}}]},"10":{"type":"branch","line":58,"loc":{"start":{"line":58,"column":2},"end":{"line":60,"column":3}},"locations":[{"start":{"line":58,"column":2},"end":{"line":60,"column":3}}]},"11":{"type":"branch","line":62,"loc":{"start":{"line":62,"column":9},"end":{"line":66,"column":3}},"locations":[{"start":{"line":62,"column":9},"end":{"line":66,"column":3}}]},"12":{"type":"branch","line":14,"loc":{"start":{"line":14,"column":2},"end":{"line":20,"column":3}},"locations":[{"start":{"line":14,"column":2},"end":{"line":20,"column":3}}]},"13":{"type":"branch","line":18,"loc":{"start":{"line":18,"column":41},"end":{"line":20,"column":3}},"locations":[{"start":{"line":18,"column":41},"end":{"line":20,"column":3}}]}},"b":{"0":[4],"1":[2],"2":[2],"3":[4],"4":[3],"5":[5],"6":[4],"7":[0],"8":[1],"9":[1],"10":[2],"11":[5],"12":[4],"13":[3]},"fnMap":{"0":{"name":"get","decl":{"start":{"line":12,"column":21},"end":{"line":12,"column":29}},"loc":{"start":{"line":12,"column":21},"end":{"line":12,"column":29}},"line":12},"1":{"name":"get name","decl":{"start":{"line":22,"column":6},"end":{"line":24,"column":3}},"loc":{"start":{"line":22,"column":6},"end":{"line":24,"column":3}},"line":22},"2":{"name":"get description","decl":{"start":{"line":26,"column":6},"end":{"line":28,"column":3}},"loc":{"start":{"line":26,"column":6},"end":{"line":28,"column":3}},"line":26},"3":{"name":"set description","decl":{"start":{"line":30,"column":14},"end":{"line":32,"column":3}},"loc":{"start":{"line":30,"column":14},"end":{"line":32,"column":3}},"line":30},"4":{"name":"get is_active","decl":{"start":{"line":34,"column":6},"end":{"line":36,"column":3}},"loc":{"start":{"line":34,"column":6},"end":{"line":36,"column":3}},"line":34},"5":{"name":"set is_active","decl":{"start":{"line":38,"column":14},"end":{"line":40,"column":3}},"loc":{"start":{"line":38,"column":14},"end":{"line":40,"column":3}},"line":38},"6":{"name":"get created_at","decl":{"start":{"line":42,"column":6},"end":{"line":44,"column":3}},"loc":{"start":{"line":42,"column":6},"end":{"line":44,"column":3}},"line":42},"7":{"name":"update","decl":{"start":{"line":46,"column":2},"end":{"line":52,"column":3}},"loc":{"start":{"line":46,"column":2},"end":{"line":52,"column":3}},"line":46},"8":{"name":"activate","decl":{"start":{"line":54,"column":2},"end":{"line":56,"column":3}},"loc":{"start":{"line":54,"column":2},"end":{"line":56,"column":3}},"line":54},"9":{"name":"deactivate","decl":{"start":{"line":58,"column":2},"end":{"line":60,"column":3}},"loc":{"start":{"line":58,"column":2},"end":{"line":60,"column":3}},"line":58},"10":{"name":"validate","decl":{"start":{"line":62,"column":9},"end":{"line":66,"column":3}},"loc":{"start":{"line":62,"column":9},"end":{"line":66,"column":3}},"line":62},"11":{"name":"Category","decl":{"start":{"line":14,"column":2},"end":{"line":20,"column":3}},"loc":{"start":{"line":14,"column":2},"end":{"line":20,"column":3}},"line":14}},"f":{"0":4,"1":2,"2":2,"3":4,"4":5,"5":4,"6":0,"7":1,"8":1,"9":2,"10":5,"11":4}}
}
