TN:
SF:src/@seedwork/domain/entity/entity.ts
FN:3,get
FN:10,get id
FN:14,toJSON
FN:6,Entity
FNF:4
FNH:4
FNDA:1,get
FNDA:4,get id
FNDA:1,toJSON
FNDA:4,Entity
DA:1,1
DA:2,1
DA:3,1
DA:4,1
DA:5,1
DA:6,1
DA:7,4
DA:8,4
DA:9,1
DA:10,1
DA:11,4
DA:12,4
DA:13,1
DA:14,1
DA:15,1
DA:16,1
DA:17,1
DA:18,1
DA:19,1
DA:20,1
DA:21,1
LF:21
LH:21
BRDA:3,0,0,1
BRDA:10,1,0,4
BRDA:14,2,0,1
BRDA:6,3,0,4
BRF:4
BRH:4
end_of_record
TN:
SF:src/@seedwork/domain/utils/objects.ts
FN:1,get
FN:1,deepFreeze
FNF:2
FNH:2
FNDA:4,get
FNDA:4,deepFreeze
DA:1,1
DA:2,4
DA:3,4
DA:4,4
DA:5,148
DA:6,148
DA:7,148
DA:8,0
DA:9,0
DA:10,148
DA:11,4
DA:12,4
DA:13,4
LF:13
LH:11
BRDA:1,0,0,4
BRDA:1,1,0,4
BRDA:4,2,0,148
BRDA:7,3,0,0
BRF:4
BRH:3
end_of_record
TN:
SF:src/@seedwork/domain/value-objects/unique-entity-id.vo.ts
FN:5,get
FN:11,validate
FN:6,UniqueEntityId
FNF:3
FNH:3
FNDA:4,get
FNDA:4,validate
FNDA:4,UniqueEntityId
DA:1,1
DA:2,1
DA:3,1
DA:4,1
DA:5,1
DA:6,1
DA:7,4
DA:8,4
DA:9,4
DA:10,1
DA:11,1
DA:12,4
DA:13,4
DA:14,0
DA:15,0
DA:16,4
DA:17,1
LF:17
LH:15
BRDA:5,0,0,4
BRDA:11,1,0,4
BRDA:13,2,0,0
BRDA:6,3,0,4
BRF:4
BRH:3
end_of_record
TN:
SF:src/@seedwork/domain/value-objects/value-objects.ts
FN:3,get
FN:10,get value
FN:6,ValueObject
FN:14,ValueObject.toString
FNF:4
FNH:4
FNDA:1,get
FNDA:4,get value
FNDA:4,ValueObject
FNDA:9,ValueObject.toString
DA:1,1
DA:2,1
DA:3,1
DA:4,1
DA:5,1
DA:6,1
DA:7,4
DA:8,4
DA:9,1
DA:10,1
DA:11,4
DA:12,4
DA:13,1
DA:14,1
DA:15,9
DA:16,7
DA:17,7
DA:18,7
DA:19,0
DA:20,0
DA:21,7
DA:22,2
DA:23,2
DA:24,1
DA:25,9
DA:26,1
DA:27,1
LF:27
LH:25
BRDA:3,0,0,1
BRDA:10,1,0,4
BRDA:6,2,0,4
BRDA:14,3,0,9
BRDA:15,4,0,2
BRDA:15,5,0,7
BRDA:18,6,0,0
BRDA:22,7,0,2
BRDA:24,8,0,1
BRDA:25,9,0,1
BRF:10
BRH:9
end_of_record
TN:
SF:src/@seedwork/errors/invalide-uuid.error.ts
FN:1,get
FN:2,InvalidUuidError
FNF:2
FNH:2
FNDA:2,get
FNDA:2,InvalidUuidError
DA:1,1
DA:2,1
DA:3,2
DA:4,2
DA:5,2
DA:6,1
LF:6
LH:6
BRDA:1,0,0,2
BRDA:2,1,0,2
BRF:2
BRH:2
end_of_record
TN:
SF:src/@seedwork/errors/validaton-error.ts
FN:1,get
FNF:1
FNH:1
FNDA:10,get
DA:1,1
LF:1
LH:1
BRDA:1,0,0,10
BRF:1
BRH:1
end_of_record
TN:
SF:src/@seedwork/validators/validator-rules.ts
FN:3,ValidatorRules
FN:41,isEmpty
FN:6,values
FN:10,required
FN:17,string
FN:24,maxLength
FN:33,boolean
FN:4,ValidatorRules
FN:41,isEmpty
FNF:9
FNH:7
FNDA:0,ValidatorRules
FNDA:0,isEmpty
FNDA:18,values
FNDA:7,required
FNDA:6,string
FNDA:4,maxLength
FNDA:5,boolean
FNDA:18,ValidatorRules
FNDA:10,isEmpty
DA:1,1
DA:2,1
DA:3,1
DA:4,1
DA:5,1
DA:6,1
DA:7,18
DA:8,18
DA:9,1
DA:10,1
DA:11,7
DA:12,3
DA:13,3
DA:14,4
DA:15,4
DA:16,1
DA:17,1
DA:18,6
DA:19,3
DA:20,3
DA:21,3
DA:22,3
DA:23,1
DA:24,1
DA:25,4
DA:26,1
DA:27,1
DA:28,1
DA:29,1
DA:30,3
DA:31,3
DA:32,1
DA:33,1
DA:34,5
DA:35,0
DA:36,0
DA:37,5
DA:38,5
DA:39,1
DA:40,1
DA:41,1
DA:42,10
DA:43,10
DA:44,1
DA:45,1
DA:46,1
LF:46
LH:44
BRDA:6,0,0,18
BRDA:10,1,0,7
BRDA:11,2,0,6
BRDA:11,3,0,5
BRDA:11,4,0,3
BRDA:14,5,0,4
BRDA:17,6,0,6
BRDA:18,7,0,4
BRDA:18,8,0,3
BRDA:24,9,0,4
BRDA:25,10,0,2
BRDA:25,11,0,1
BRDA:30,12,0,3
BRDA:33,13,0,5
BRDA:34,14,0,1
BRDA:34,15,0,0
BRDA:4,16,0,18
BRDA:41,17,0,10
BRDA:42,18,0,8
BRF:19
BRH:18
end_of_record
TN:
SF:src/category/domain/entities/category.ts
FN:12,get
FN:22,get name
FN:26,get description
FN:30,set description
FN:34,get is_active
FN:38,set is_active
FN:42,get created_at
FN:46,update
FN:54,activate
FN:58,deactivate
FN:62,validate
FN:14,Category
FNF:12
FNH:11
FNDA:4,get
FNDA:2,get name
FNDA:2,get description
FNDA:4,set description
FNDA:5,get is_active
FNDA:4,set is_active
FNDA:0,get created_at
FNDA:1,update
FNDA:1,activate
FNDA:2,deactivate
FNDA:5,validate
FNDA:4,Category
DA:1,1
DA:2,1
DA:3,1
DA:4,1
DA:5,1
DA:6,1
DA:7,1
DA:8,1
DA:9,1
DA:10,1
DA:11,1
DA:12,1
DA:13,1
DA:14,1
DA:15,4
DA:16,4
DA:17,4
DA:18,4
DA:19,3
DA:20,3
DA:21,1
DA:22,1
DA:23,2
DA:24,2
DA:25,1
DA:26,1
DA:27,2
DA:28,2
DA:29,1
DA:30,1
DA:31,4
DA:32,3
DA:33,1
DA:34,1
DA:35,5
DA:36,5
DA:37,1
DA:38,1
DA:39,4
DA:40,0
DA:41,1
DA:42,1
DA:43,0
DA:44,0
DA:45,1
DA:46,1
DA:47,1
DA:48,1
DA:49,1
DA:50,1
DA:51,1
DA:52,1
DA:53,1
DA:54,1
DA:55,1
DA:56,1
DA:57,1
DA:58,1
DA:59,2
DA:60,2
DA:61,1
DA:62,1
DA:63,5
DA:64,5
DA:65,5
DA:66,5
DA:67,1
DA:68,1
LF:68
LH:65
BRDA:12,0,0,4
BRDA:22,1,0,2
BRDA:26,2,0,2
BRDA:30,3,0,4
BRDA:31,4,0,3
BRDA:34,5,0,5
BRDA:38,6,0,4
BRDA:39,7,0,0
BRDA:46,8,0,1
BRDA:54,9,0,1
BRDA:58,10,0,2
BRDA:62,11,0,5
BRDA:14,12,0,4
BRDA:18,13,0,3
BRF:14
BRH:13
end_of_record
